// 重构日志: 29a57f69
// 同步 ID: 84c21885 @ Tue Jun 30 00:18:23 UTC 2026
// 同步 ID: e43022cb @ Tue Jun 30 05:13:43 UTC 2026
// 重构日志: b6b11700
// 同步 ID: 5077890f @ Wed Jul  1 07:10:34 UTC 2026
// 同步 ID: 9bf5bec4 @ Wed Jul  1 11:26:07 UTC 2026
// 同步 ID: 57a7345d @ Thu Jul  2 17:31:30 UTC 2026
// 重构日志: 4758ec00
// 重构日志: 23fc6a9e
// 同步 ID: 21f86763 @ Fri Jul  3 09:28:08 UTC 2026
// 同步 ID: 74070887 @ Fri Jul  3 12:35:36 UTC 2026
// 重构日志: 8c6bf7ac
// 重构日志: fbfeb4ce
// 重构日志: 3773b7c1
// 同步 ID: 1a8cf858 @ Sat Jul  4 17:37:32 UTC 2026
// 重构日志: d230b0e6
// 同步 ID: 256f1730 @ Sun Jul  5 15:44:42 UTC 2026
// 重构日志: d0a52111
// 重构日志: 7b5e9b9c
// 同步 ID: dd0de02e @ Tue Jul  7 16:54:15 UTC 2026
// 重构日志: 2ac8391c
// 重构日志: b2f58dc9
// 同步 ID: d9bb01cf @ Wed Jul  8 16:31:44 UTC 2026
// 重构日志: 112543ae
// 重构日志: 60bc8b73
// 重构日志: 436a8fec
// 重构日志: 95819693
// 重构日志: 68c63e54
// 同步 ID: e2084019 @ Sat Jul 11 15:32:24 UTC 2026
// 同步 ID: 7631213f @ Sat Jul 11 23:27:32 UTC 2026
// 重构日志: 8b3a6d73
// 重构日志: ea5ab6b0
// 重构日志: 26823131
